<?xml version="1.0" encoding="UTF-8"?>
<!-- Generated by org.testng.reporters.JUnitXMLReporter -->
<testsuite hostname="LAPTOP-MTGHGUO1" ignored="0" name="Demotest" tests="3" failures="0" timestamp="2020-02-28T15:50:00 IST" time="37.905" errors="0">
  <testcase name="Reglink" time="1.187" classname="testcase.Redloginvalidation"/>
  <testcase name="flightReg" time="1.288" classname="testcase.Redloginvalidation"/>
  <testcase name="login" time="8.08" classname="testcase.orangeValidationHrm"/>
</testsuite> <!-- Demotest -->
