<?xml version="1.0" encoding="UTF-8"?>
<testng-results skipped="0" failed="0" ignored="0" total="1" passed="1">
  <reporter-output>
  </reporter-output>
  <suite name="Default suite" duration-ms="14097" started-at="2020-03-02T19:32:14 IST" finished-at="2020-03-02T19:32:28 IST">
    <groups>
    </groups>
    <test name="Default test" duration-ms="14097" started-at="2020-03-02T19:32:14 IST" finished-at="2020-03-02T19:32:28 IST">
      <class name="ObjectRepository.RediffLoginPg">
        <test-method status="PASS" signature="setup()[pri:0, instance:ObjectRepository.RediffLoginPg@63e2203c]" name="setup" duration-ms="14057" started-at="2020-03-02T19:32:14 IST" finished-at="2020-03-02T19:32:28 IST">
          <reporter-output>
          </reporter-output>
        </test-method> <!-- setup -->
      </class> <!-- ObjectRepository.RediffLoginPg -->
    </test> <!-- Default test -->
  </suite> <!-- Default suite -->
</testng-results>
